<?xml version="1.0" encoding="UTF-8"?>
<!-- Generated by org.testng.reporters.JUnitReportReporter -->
<testsuite hostname="santhosh" name="Web.NewTest2" tests="2" failures="0" timestamp="22 Feb 2018 13:55:48 GMT" time="37.664" errors="0">
  <testcase name="login2" time="21.559" classname="Web.NewTest2"/>
  <testcase name="login1" time="16.105" classname="Web.NewTest2"/>
</testsuite> <!-- Web.NewTest2 -->
