<?xml version="1.0" encoding="UTF-8"?>
<!-- Generated by org.testng.reporters.JUnitReportReporter -->
<testsuite hostname="santhosh" name="Web.NewTest1" tests="1" failures="0" timestamp="22 Feb 2018 13:55:48 GMT" time="16.546" errors="0">
  <testcase name="login" time="16.546" classname="Web.NewTest1"/>
</testsuite> <!-- Web.NewTest1 -->
